The system is: Windows - 10.0.19044 - AMD64
Compiling the C compiler identification source file "CMakeCCompilerId.c" succeeded.
Compiler:  
Build flags: 
Id flags:  

The output was:
0
MSBuild version 17.3.1+2badb37d1 for .NET Framework
Der Buildvorgang wurde am 29.04.2023 15:31:01 gestartet.
Projekt "C:\Users\Mateusz Pawelczyk\Documents\Programmieren\C++ Scripts\vsChessAi\ChessAI_Project\build\CMakeFiles\3.22.0-rc2\CompilerIdC\CompilerIdC.vcxproj" auf Knoten "1" (Standardziele).
PrepareForBuild:
  Das Verzeichnis "Debug\" wird erstellt.
  Das Verzeichnis "Debug\CompilerIdC.tlog\" wird erstellt.
InitializeBuildStatus:
  "Debug\CompilerIdC.tlog\unsuccessfulbuild" wird erstellt, da "AlwaysCreate" angegeben wurde.
ClCompile:
  C:\Program Files\Microsoft Visual Studio\2022\Community\VC\Tools\MSVC\14.33.31629\bin\HostX64\x64\CL.exe /c /nologo /W0 /WX- /diagnostics:column /Od /D _MBCS /Gm- /EHsc /RTC1 /MDd /GS /fp:precise /Zc:wchar_t /Zc:forScope /Zc:inline /Fo"Debug\\" /Fd"Debug\vc143.pdb" /external:W0 /Gd /TC /FC /errorReport:queue CMakeCCompilerId.c
  CMakeCCompilerId.c
Link:
  C:\Program Files\Microsoft Visual Studio\2022\Community\VC\Tools\MSVC\14.33.31629\bin\HostX64\x64\link.exe /ERRORREPORT:QUEUE /OUT:".\CompilerIdC.exe" /INCREMENTAL:NO /NOLOGO kernel32.lib user32.lib gdi32.lib winspool.lib comdlg32.lib advapi32.lib shell32.lib ole32.lib oleaut32.lib uuid.lib odbc32.lib odbccp32.lib /MANIFEST /MANIFESTUAC:"level='asInvoker' uiAccess='false'" /manifest:embed /PDB:".\CompilerIdC.pdb" /SUBSYSTEM:CONSOLE /TLBID:1 /DYNAMICBASE /NXCOMPAT /IMPLIB:".\CompilerIdC.lib" /MACHINE:X64 Debug\CMakeCCompilerId.obj
  CompilerIdC.vcxproj -> C:\Users\Mateusz Pawelczyk\Documents\Programmieren\C++ Scripts\vsChessAi\ChessAI_Project\build\CMakeFiles\3.22.0-rc2\CompilerIdC\CompilerIdC.exe
PostBuildEvent:
  for %%i in (cl.exe) do @echo CMAKE_C_COMPILER=%%~$PATH:i
  :VCEnd
  CMAKE_C_COMPILER=C:\Program Files\Microsoft Visual Studio\2022\Community\VC\Tools\MSVC\14.33.31629\bin\Hostx64\x64\cl.exe
FinalizeBuildStatus:
  Die Datei "Debug\CompilerIdC.tlog\unsuccessfulbuild" wird gel”scht.
  Aktualisieren des Timestamps von "Debug\CompilerIdC.tlog\CompilerIdC.lastbuildstate".
Die Erstellung von Projekt "C:\Users\Mateusz Pawelczyk\Documents\Programmieren\C++ Scripts\vsChessAi\ChessAI_Project\build\CMakeFiles\3.22.0-rc2\CompilerIdC\CompilerIdC.vcxproj" ist abgeschlossen (Standardziele).

Der Buildvorgang wurde erfolgreich ausgefhrt.
    0 Warnung(en)
    0 Fehler

Verstrichene Zeit 00:00:00.91


Compilation of the C compiler identification source "CMakeCCompilerId.c" produced "CompilerIdC.exe"

Compilation of the C compiler identification source "CMakeCCompilerId.c" produced "CompilerIdC.vcxproj"

The C compiler identification is MSVC, found in "C:/Users/Mateusz Pawelczyk/Documents/Programmieren/C++ Scripts/vsChessAi/ChessAI_Project/build/CMakeFiles/3.22.0-rc2/CompilerIdC/CompilerIdC.exe"

Compiling the CXX compiler identification source file "CMakeCXXCompilerId.cpp" succeeded.
Compiler:  
Build flags: 
Id flags:  

The output was:
0
MSBuild version 17.3.1+2badb37d1 for .NET Framework
Der Buildvorgang wurde am 29.04.2023 15:31:02 gestartet.
Projekt "C:\Users\Mateusz Pawelczyk\Documents\Programmieren\C++ Scripts\vsChessAi\ChessAI_Project\build\CMakeFiles\3.22.0-rc2\CompilerIdCXX\CompilerIdCXX.vcxproj" auf Knoten "1" (Standardziele).
PrepareForBuild:
  Das Verzeichnis "Debug\" wird erstellt.
  Das Verzeichnis "Debug\CompilerIdCXX.tlog\" wird erstellt.
InitializeBuildStatus:
  "Debug\CompilerIdCXX.tlog\unsuccessfulbuild" wird erstellt, da "AlwaysCreate" angegeben wurde.
ClCompile:
  C:\Program Files\Microsoft Visual Studio\2022\Community\VC\Tools\MSVC\14.33.31629\bin\HostX64\x64\CL.exe /c /nologo /W0 /WX- /diagnostics:column /Od /D _MBCS /Gm- /EHsc /RTC1 /MDd /GS /fp:precise /Zc:wchar_t /Zc:forScope /Zc:inline /Fo"Debug\\" /Fd"Debug\vc143.pdb" /external:W0 /Gd /TP /FC /errorReport:queue CMakeCXXCompilerId.cpp
  CMakeCXXCompilerId.cpp
Link:
  C:\Program Files\Microsoft Visual Studio\2022\Community\VC\Tools\MSVC\14.33.31629\bin\HostX64\x64\link.exe /ERRORREPORT:QUEUE /OUT:".\CompilerIdCXX.exe" /INCREMENTAL:NO /NOLOGO kernel32.lib user32.lib gdi32.lib winspool.lib comdlg32.lib advapi32.lib shell32.lib ole32.lib oleaut32.lib uuid.lib odbc32.lib odbccp32.lib /MANIFEST /MANIFESTUAC:"level='asInvoker' uiAccess='false'" /manifest:embed /PDB:".\CompilerIdCXX.pdb" /SUBSYSTEM:CONSOLE /TLBID:1 /DYNAMICBASE /NXCOMPAT /IMPLIB:".\CompilerIdCXX.lib" /MACHINE:X64 Debug\CMakeCXXCompilerId.obj
  CompilerIdCXX.vcxproj -> C:\Users\Mateusz Pawelczyk\Documents\Programmieren\C++ Scripts\vsChessAi\ChessAI_Project\build\CMakeFiles\3.22.0-rc2\CompilerIdCXX\CompilerIdCXX.exe
PostBuildEvent:
  for %%i in (cl.exe) do @echo CMAKE_CXX_COMPILER=%%~$PATH:i
  :VCEnd
  CMAKE_CXX_COMPILER=C:\Program Files\Microsoft Visual Studio\2022\Community\VC\Tools\MSVC\14.33.31629\bin\Hostx64\x64\cl.exe
FinalizeBuildStatus:
  Die Datei "Debug\CompilerIdCXX.tlog\unsuccessfulbuild" wird gel”scht.
  Aktualisieren des Timestamps von "Debug\CompilerIdCXX.tlog\CompilerIdCXX.lastbuildstate".
Die Erstellung von Projekt "C:\Users\Mateusz Pawelczyk\Documents\Programmieren\C++ Scripts\vsChessAi\ChessAI_Project\build\CMakeFiles\3.22.0-rc2\CompilerIdCXX\CompilerIdCXX.vcxproj" ist abgeschlossen (Standardziele).

Der Buildvorgang wurde erfolgreich ausgefhrt.
    0 Warnung(en)
    0 Fehler

Verstrichene Zeit 00:00:00.63


Compilation of the CXX compiler identification source "CMakeCXXCompilerId.cpp" produced "CompilerIdCXX.exe"

Compilation of the CXX compiler identification source "CMakeCXXCompilerId.cpp" produced "CompilerIdCXX.vcxproj"

The CXX compiler identification is MSVC, found in "C:/Users/Mateusz Pawelczyk/Documents/Programmieren/C++ Scripts/vsChessAi/ChessAI_Project/build/CMakeFiles/3.22.0-rc2/CompilerIdCXX/CompilerIdCXX.exe"

Detecting C compiler ABI info compiled with the following output:
Change Dir: C:/Users/Mateusz Pawelczyk/Documents/Programmieren/C++ Scripts/vsChessAi/ChessAI_Project/build/CMakeFiles/CMakeTmp

Run Build Command(s):C:/Program Files/Microsoft Visual Studio/2022/Community/MSBuild/Current/Bin/amd64/MSBuild.exe cmTC_8251f.vcxproj /p:Configuration=Debug /p:Platform=x64 /p:VisualStudioVersion=17.0 /v:m && MSBuild version 17.3.1+2badb37d1 for .NET Framework
  Microsoft (R) C/C++-Optimierungscompiler Version 19.33.31630 fr x64
  CMakeCCompilerABI.c
  Copyright (C) Microsoft Corporation. Alle Rechte vorbehalten.
  cl /c /Zi /W3 /WX- /diagnostics:column /Od /Ob0 /D _MBCS /D WIN32 /D _WINDOWS /D "CMAKE_INTDIR=\"Debug\"" /Gm- /RTC1 /MDd /GS /fp:precise /Zc:wchar_t /Zc:forScope /Zc:inline /Fo"cmTC_8251f.dir\Debug\\" /Fd"cmTC_8251f.dir\Debug\vc143.pdb" /external:W3 /Gd /TC /errorReport:queue "C:\Program Files\CMake\share\cmake-3.22\Modules\CMakeCCompilerABI.c"
  cmTC_8251f.vcxproj -> C:\Users\Mateusz Pawelczyk\Documents\Programmieren\C++ Scripts\vsChessAi\ChessAI_Project\build\CMakeFiles\CMakeTmp\Debug\cmTC_8251f.exe



Detecting CXX compiler ABI info compiled with the following output:
Change Dir: C:/Users/Mateusz Pawelczyk/Documents/Programmieren/C++ Scripts/vsChessAi/ChessAI_Project/build/CMakeFiles/CMakeTmp

Run Build Command(s):C:/Program Files/Microsoft Visual Studio/2022/Community/MSBuild/Current/Bin/amd64/MSBuild.exe cmTC_3f12a.vcxproj /p:Configuration=Debug /p:Platform=x64 /p:VisualStudioVersion=17.0 /v:m && MSBuild version 17.3.1+2badb37d1 for .NET Framework
  Microsoft (R) C/C++-Optimierungscompiler Version 19.33.31630 fr x64
  CMakeCXXCompilerABI.cpp
  Copyright (C) Microsoft Corporation. Alle Rechte vorbehalten.
  cl /c /Zi /W3 /WX- /diagnostics:column /Od /Ob0 /D _MBCS /D WIN32 /D _WINDOWS /D "CMAKE_INTDIR=\"Debug\"" /Gm- /EHsc /RTC1 /MDd /GS /fp:precise /Zc:wchar_t /Zc:forScope /Zc:inline /GR /Fo"cmTC_3f12a.dir\Debug\\" /Fd"cmTC_3f12a.dir\Debug\vc143.pdb" /external:W3 /Gd /TP /errorReport:queue "C:\Program Files\CMake\share\cmake-3.22\Modules\CMakeCXXCompilerABI.cpp"
  cmTC_3f12a.vcxproj -> C:\Users\Mateusz Pawelczyk\Documents\Programmieren\C++ Scripts\vsChessAi\ChessAI_Project\build\CMakeFiles\CMakeTmp\Debug\cmTC_3f12a.exe



